<?xml version="1.0" encoding="UTF-8"?>
<coverage generated="1632954379892" clover="3.2.0">
  <project timestamp="1632954379892" name="All files">
    <metrics statements="38" coveredstatements="35" conditionals="12" coveredconditionals="7" methods="24" coveredmethods="22" elements="74" coveredelements="64" complexity="0" loc="38" ncloc="38" packages="5" files="10" classes="10"/>
    <package name="src.components.atoms">
      <metrics statements="2" coveredstatements="2" conditionals="0" coveredconditionals="0" methods="1" coveredmethods="1"/>
      <file name="Radio.vue" path="C:\Users\Алексей\Desktop\vue-practice\src\components\atoms\Radio.vue">
        <metrics statements="2" coveredstatements="2" conditionals="0" coveredconditionals="0" methods="1" coveredmethods="1"/>
        <line num="9" count="3" type="stmt"/>
        <line num="29" count="2" type="stmt"/>
      </file>
    </package>
    <package name="src.components.molecules">
      <metrics statements="6" coveredstatements="6" conditionals="0" coveredconditionals="0" methods="2" coveredmethods="2"/>
      <file name="RadioList.vue" path="C:\Users\Алексей\Desktop\vue-practice\src\components\molecules\RadioList.vue">
        <metrics statements="2" coveredstatements="2" conditionals="0" coveredconditionals="0" methods="0" coveredmethods="0"/>
        <line num="14" count="2" type="stmt"/>
        <line num="15" count="2" type="stmt"/>
      </file>
      <file name="Task.vue" path="C:\Users\Алексей\Desktop\vue-practice\src\components\molecules\Task.vue">
        <metrics statements="4" coveredstatements="4" conditionals="0" coveredconditionals="0" methods="2" coveredmethods="2"/>
        <line num="21" count="3" type="stmt"/>
        <line num="45" count="1" type="stmt"/>
        <line num="48" count="1" type="stmt"/>
        <line num="49" count="1" type="stmt"/>
      </file>
    </package>
    <package name="src.components.organisms">
      <metrics statements="10" coveredstatements="10" conditionals="0" coveredconditionals="0" methods="3" coveredmethods="3"/>
      <file name="Content.vue" path="C:\Users\Алексей\Desktop\vue-practice\src\components\organisms\Content.vue">
        <metrics statements="6" coveredstatements="6" conditionals="0" coveredconditionals="0" methods="3" coveredmethods="3"/>
        <line num="18" count="1" type="stmt"/>
        <line num="19" count="1" type="stmt"/>
        <line num="24" count="3" type="stmt"/>
        <line num="37" count="1" type="stmt"/>
        <line num="38" count="1" type="stmt"/>
        <line num="42" count="3" type="stmt"/>
      </file>
      <file name="Footer.vue" path="C:\Users\Алексей\Desktop\vue-practice\src\components\organisms\Footer.vue">
        <metrics statements="2" coveredstatements="2" conditionals="0" coveredconditionals="0" methods="0" coveredmethods="0"/>
        <line num="13" count="1" type="stmt"/>
        <line num="14" count="1" type="stmt"/>
      </file>
      <file name="TaskList.vue" path="C:\Users\Алексей\Desktop\vue-practice\src\components\organisms\TaskList.vue">
        <metrics statements="2" coveredstatements="2" conditionals="0" coveredconditionals="0" methods="0" coveredmethods="0"/>
        <line num="14" count="2" type="stmt"/>
        <line num="15" count="2" type="stmt"/>
      </file>
    </package>
    <package name="src.store.modules">
      <metrics statements="20" coveredstatements="17" conditionals="12" coveredconditionals="7" methods="18" coveredmethods="16"/>
      <file name="radio.js" path="C:\Users\Алексей\Desktop\vue-practice\src\store\modules\radio.js">
        <metrics statements="4" coveredstatements="4" conditionals="2" coveredconditionals="2" methods="5" coveredmethods="5"/>
        <line num="11" count="1" type="stmt"/>
        <line num="14" count="6" type="stmt"/>
        <line num="19" count="1" type="stmt"/>
        <line num="20" count="3" type="cond" truecount="2" falsecount="0"/>
      </file>
      <file name="task.js" path="C:\Users\Алексей\Desktop\vue-practice\src\store\modules\task.js">
        <metrics statements="16" coveredstatements="13" conditionals="10" coveredconditionals="5" methods="13" coveredmethods="11"/>
        <line num="9" count="1" type="cond" truecount="1" falsecount="3"/>
        <line num="11" count="0" type="stmt"/>
        <line num="13" count="0" type="stmt"/>
        <line num="15" count="0" type="stmt"/>
        <line num="17" count="1" type="stmt"/>
        <line num="21" count="4" type="stmt"/>
        <line num="24" count="3" type="stmt"/>
        <line num="29" count="1" type="cond" truecount="1" falsecount="1"/>
        <line num="32" count="1" type="stmt"/>
        <line num="35" count="4" type="stmt"/>
        <line num="36" count="1" type="stmt"/>
        <line num="39" count="1" type="stmt"/>
        <line num="40" count="3" type="cond" truecount="2" falsecount="0"/>
        <line num="42" count="1" type="stmt"/>
        <line num="45" count="1" type="cond" truecount="1" falsecount="1"/>
        <line num="52" count="1" type="stmt"/>
      </file>
    </package>
    <package name="tests.unit.store">
      <metrics statements="0" coveredstatements="0" conditionals="0" coveredconditionals="0" methods="0" coveredmethods="0"/>
      <file name="radioStore.cfg.js" path="C:\Users\Алексей\Desktop\vue-practice\tests\unit\store\radioStore.cfg.js">
        <metrics statements="0" coveredstatements="0" conditionals="0" coveredconditionals="0" methods="0" coveredmethods="0"/>
      </file>
      <file name="taskStore.cfg.js" path="C:\Users\Алексей\Desktop\vue-practice\tests\unit\store\taskStore.cfg.js">
        <metrics statements="0" coveredstatements="0" conditionals="0" coveredconditionals="0" methods="0" coveredmethods="0"/>
      </file>
    </package>
  </project>
</coverage>
