{"C:\\Users\\Алексей\\Desktop\\vue-practice\\src\\components\\atoms\\Radio.vue": {"path":"C:\\Users\\Алексей\\Desktop\\vue-practice\\src\\components\\atoms\\Radio.vue","statementMap":{"0":{"start":{"line":9,"column":0},"end":{"line":9,"column":null}},"1":{"start":{"line":29,"column":0},"end":{"line":29,"column":null}}},"fnMap":{"0":{"name":"(anonymous_1)","decl":{"start":{"line":28,"column":0},"end":{"line":28,"column":null}},"loc":{"start":{"line":28,"column":0},"end":{"line":30,"column":null}}}},"branchMap":{},"s":{"0":3,"1":2},"f":{"0":2},"b":{}}
,"C:\\Users\\Алексей\\Desktop\\vue-practice\\src\\components\\molecules\\RadioList.vue": {"path":"C:\\Users\\Алексей\\Desktop\\vue-practice\\src\\components\\molecules\\RadioList.vue","statementMap":{"0":{"start":{"line":14,"column":0},"end":{"line":14,"column":null}},"1":{"start":{"line":15,"column":0},"end":{"line":15,"column":null}}},"fnMap":{},"branchMap":{},"s":{"0":2,"1":2},"f":{},"b":{}}
,"C:\\Users\\Алексей\\Desktop\\vue-practice\\src\\components\\molecules\\Task.vue": {"path":"C:\\Users\\Алексей\\Desktop\\vue-practice\\src\\components\\molecules\\Task.vue","statementMap":{"0":{"start":{"line":21,"column":0},"end":{"line":21,"column":null}},"1":{"start":{"line":45,"column":0},"end":{"line":45,"column":null}},"2":{"start":{"line":48,"column":0},"end":{"line":48,"column":null}},"3":{"start":{"line":49,"column":0},"end":{"line":49,"column":null}}},"fnMap":{"0":{"name":"(anonymous_1)","decl":{"start":{"line":44,"column":0},"end":{"line":44,"column":null}},"loc":{"start":{"line":44,"column":0},"end":{"line":46,"column":null}}},"1":{"name":"(anonymous_2)","decl":{"start":{"line":47,"column":0},"end":{"line":47,"column":null}},"loc":{"start":{"line":47,"column":0},"end":{"line":50,"column":null}}}},"branchMap":{},"s":{"0":3,"1":1,"2":1,"3":1},"f":{"0":1,"1":1},"b":{}}
,"C:\\Users\\Алексей\\Desktop\\vue-practice\\src\\components\\organisms\\Content.vue": {"path":"C:\\Users\\Алексей\\Desktop\\vue-practice\\src\\components\\organisms\\Content.vue","statementMap":{"0":{"start":{"line":18,"column":0},"end":{"line":18,"column":null}},"1":{"start":{"line":19,"column":0},"end":{"line":19,"column":null}},"2":{"start":{"line":24,"column":0},"end":{"line":24,"column":null}},"3":{"start":{"line":37,"column":0},"end":{"line":37,"column":null}},"4":{"start":{"line":38,"column":0},"end":{"line":38,"column":null}},"5":{"start":{"line":42,"column":0},"end":{"line":42,"column":null}}},"fnMap":{"0":{"name":"(anonymous_1)","decl":{"start":{"line":23,"column":0},"end":{"line":23,"column":null}},"loc":{"start":{"line":23,"column":0},"end":{"line":27,"column":null}}},"1":{"name":"(anonymous_2)","decl":{"start":{"line":36,"column":0},"end":{"line":36,"column":null}},"loc":{"start":{"line":36,"column":0},"end":{"line":39,"column":null}}},"2":{"name":"(anonymous_3)","decl":{"start":{"line":41,"column":0},"end":{"line":41,"column":null}},"loc":{"start":{"line":41,"column":0},"end":{"line":43,"column":null}}}},"branchMap":{},"s":{"0":1,"1":1,"2":3,"3":1,"4":1,"5":3},"f":{"0":3,"1":1,"2":3},"b":{}}
,"C:\\Users\\Алексей\\Desktop\\vue-practice\\src\\components\\organisms\\Footer.vue": {"path":"C:\\Users\\Алексей\\Desktop\\vue-practice\\src\\components\\organisms\\Footer.vue","statementMap":{"0":{"start":{"line":13,"column":0},"end":{"line":13,"column":null}},"1":{"start":{"line":14,"column":0},"end":{"line":14,"column":null}}},"fnMap":{},"branchMap":{},"s":{"0":1,"1":1},"f":{},"b":{}}
,"C:\\Users\\Алексей\\Desktop\\vue-practice\\src\\components\\organisms\\TaskList.vue": {"path":"C:\\Users\\Алексей\\Desktop\\vue-practice\\src\\components\\organisms\\TaskList.vue","statementMap":{"0":{"start":{"line":14,"column":0},"end":{"line":14,"column":null}},"1":{"start":{"line":15,"column":0},"end":{"line":15,"column":null}}},"fnMap":{},"branchMap":{},"s":{"0":2,"1":2},"f":{},"b":{}}
,"C:\\Users\\Алексей\\Desktop\\vue-practice\\tests\\unit\\store\\store.cfg.js": {"path":"C:\\Users\\Алексей\\Desktop\\vue-practice\\tests\\unit\\store\\store.cfg.js","statementMap":{"0":{"start":{"line":22,"column":8},"end":{"line":31,"column":9}},"1":{"start":{"line":24,"column":12},"end":{"line":24,"column":31}},"2":{"start":{"line":26,"column":12},"end":{"line":26,"column":65}},"3":{"start":{"line":26,"column":48},"end":{"line":26,"column":63}},"4":{"start":{"line":28,"column":12},"end":{"line":28,"column":64}},"5":{"start":{"line":28,"column":48},"end":{"line":28,"column":62}},"6":{"start":{"line":30,"column":12},"end":{"line":30,"column":31}},"7":{"start":{"line":34,"column":8},"end":{"line":34,"column":34}},"8":{"start":{"line":37,"column":8},"end":{"line":37,"column":74}},"9":{"start":{"line":37,"column":50},"end":{"line":37,"column":65}},"10":{"start":{"line":42,"column":8},"end":{"line":48,"column":17}},"11":{"start":{"line":49,"column":8},"end":{"line":49,"column":67}},"12":{"start":{"line":52,"column":8},"end":{"line":52,"column":67}},"13":{"start":{"line":52,"column":51},"end":{"line":52,"column":65}},"14":{"start":{"line":53,"column":8},"end":{"line":53,"column":67}},"15":{"start":{"line":56,"column":8},"end":{"line":58,"column":10}},"16":{"start":{"line":57,"column":10},"end":{"line":57,"column":73}},"17":{"start":{"line":59,"column":8},"end":{"line":59,"column":67}},"18":{"start":{"line":62,"column":8},"end":{"line":64,"column":24}},"19":{"start":{"line":69,"column":8},"end":{"line":69,"column":50}}},"fnMap":{"0":{"name":"(anonymous_0)","decl":{"start":{"line":21,"column":17},"end":{"line":21,"column":18}},"loc":{"start":{"line":21,"column":41},"end":{"line":32,"column":7}},"line":21},"1":{"name":"(anonymous_1)","decl":{"start":{"line":26,"column":38},"end":{"line":26,"column":39}},"loc":{"start":{"line":26,"column":48},"end":{"line":26,"column":63}},"line":26},"2":{"name":"(anonymous_2)","decl":{"start":{"line":28,"column":38},"end":{"line":28,"column":39}},"loc":{"start":{"line":28,"column":48},"end":{"line":28,"column":62}},"line":28},"3":{"name":"(anonymous_3)","decl":{"start":{"line":33,"column":18},"end":{"line":33,"column":19}},"loc":{"start":{"line":33,"column":29},"end":{"line":35,"column":7}},"line":33},"4":{"name":"(anonymous_4)","decl":{"start":{"line":36,"column":17},"end":{"line":36,"column":18}},"loc":{"start":{"line":36,"column":37},"end":{"line":38,"column":7}},"line":36},"5":{"name":"(anonymous_5)","decl":{"start":{"line":37,"column":40},"end":{"line":37,"column":41}},"loc":{"start":{"line":37,"column":50},"end":{"line":37,"column":65}},"line":37},"6":{"name":"(anonymous_6)","decl":{"start":{"line":41,"column":6},"end":{"line":41,"column":7}},"loc":{"start":{"line":41,"column":31},"end":{"line":50,"column":7}},"line":41},"7":{"name":"(anonymous_7)","decl":{"start":{"line":51,"column":6},"end":{"line":51,"column":7}},"loc":{"start":{"line":51,"column":28},"end":{"line":54,"column":7}},"line":51},"8":{"name":"(anonymous_8)","decl":{"start":{"line":52,"column":41},"end":{"line":52,"column":42}},"loc":{"start":{"line":52,"column":51},"end":{"line":52,"column":65}},"line":52},"9":{"name":"(anonymous_9)","decl":{"start":{"line":55,"column":6},"end":{"line":55,"column":7}},"loc":{"start":{"line":55,"column":27},"end":{"line":60,"column":7}},"line":55},"10":{"name":"(anonymous_10)","decl":{"start":{"line":56,"column":38},"end":{"line":56,"column":39}},"loc":{"start":{"line":57,"column":10},"end":{"line":57,"column":73}},"line":57},"11":{"name":"(anonymous_11)","decl":{"start":{"line":61,"column":6},"end":{"line":61,"column":7}},"loc":{"start":{"line":61,"column":37},"end":{"line":65,"column":7}},"line":61},"12":{"name":"(anonymous_12)","decl":{"start":{"line":68,"column":6},"end":{"line":68,"column":7}},"loc":{"start":{"line":68,"column":39},"end":{"line":70,"column":7}},"line":68}},"branchMap":{"0":{"loc":{"start":{"line":22,"column":8},"end":{"line":31,"column":9}},"type":"switch","locations":[{"start":{"line":23,"column":10},"end":{"line":24,"column":31}},{"start":{"line":25,"column":10},"end":{"line":26,"column":65}},{"start":{"line":27,"column":10},"end":{"line":28,"column":64}},{"start":{"line":29,"column":10},"end":{"line":30,"column":31}}],"line":22},"1":{"loc":{"start":{"line":42,"column":8},"end":{"line":48,"column":16}},"type":"cond-expr","locations":[{"start":{"line":43,"column":12},"end":{"line":47,"column":14}},{"start":{"line":48,"column":12},"end":{"line":48,"column":16}}],"line":42},"2":{"loc":{"start":{"line":57,"column":10},"end":{"line":57,"column":73}},"type":"cond-expr","locations":[{"start":{"line":57,"column":27},"end":{"line":57,"column":66}},{"start":{"line":57,"column":69},"end":{"line":57,"column":73}}],"line":57},"3":{"loc":{"start":{"line":62,"column":8},"end":{"line":64,"column":23}},"type":"cond-expr","locations":[{"start":{"line":63,"column":13},"end":{"line":63,"column":68}},{"start":{"line":64,"column":12},"end":{"line":64,"column":23}}],"line":62}},"s":{"0":0,"1":0,"2":0,"3":0,"4":0,"5":0,"6":0,"7":0,"8":0,"9":0,"10":0,"11":0,"12":0,"13":0,"14":0,"15":0,"16":0,"17":0,"18":0,"19":0},"f":{"0":0,"1":0,"2":0,"3":0,"4":0,"5":0,"6":0,"7":0,"8":0,"9":0,"10":0,"11":0,"12":0},"b":{"0":[0,0,0,0],"1":[0,0],"2":[0,0],"3":[0,0]},"_coverageSchema":"43e27e138ebf9cfc5966b082cf9a028302ed4184","hash":"0181b34d43925af17127f9e3b63082fa3aaa19dd"}
}
