{"C:\\Users\\Алексей\\Desktop\\vue-practice\\src\\components\\atoms\\Radio.vue": {"path":"C:\\Users\\Алексей\\Desktop\\vue-practice\\src\\components\\atoms\\Radio.vue","statementMap":{"0":{"start":{"line":9,"column":0},"end":{"line":9,"column":null}},"1":{"start":{"line":29,"column":0},"end":{"line":29,"column":null}}},"fnMap":{"0":{"name":"(anonymous_1)","decl":{"start":{"line":28,"column":0},"end":{"line":28,"column":null}},"loc":{"start":{"line":28,"column":0},"end":{"line":30,"column":null}}}},"branchMap":{},"s":{"0":3,"1":2},"f":{"0":2},"b":{}}
,"C:\\Users\\Алексей\\Desktop\\vue-practice\\src\\components\\molecules\\RadioList.vue": {"path":"C:\\Users\\Алексей\\Desktop\\vue-practice\\src\\components\\molecules\\RadioList.vue","statementMap":{"0":{"start":{"line":14,"column":0},"end":{"line":14,"column":null}},"1":{"start":{"line":15,"column":0},"end":{"line":15,"column":null}}},"fnMap":{},"branchMap":{},"s":{"0":2,"1":2},"f":{},"b":{}}
,"C:\\Users\\Алексей\\Desktop\\vue-practice\\src\\components\\molecules\\Task.vue": {"path":"C:\\Users\\Алексей\\Desktop\\vue-practice\\src\\components\\molecules\\Task.vue","statementMap":{"0":{"start":{"line":21,"column":0},"end":{"line":21,"column":null}},"1":{"start":{"line":45,"column":0},"end":{"line":45,"column":null}},"2":{"start":{"line":48,"column":0},"end":{"line":48,"column":null}},"3":{"start":{"line":49,"column":0},"end":{"line":49,"column":null}}},"fnMap":{"0":{"name":"(anonymous_1)","decl":{"start":{"line":44,"column":0},"end":{"line":44,"column":null}},"loc":{"start":{"line":44,"column":0},"end":{"line":46,"column":null}}},"1":{"name":"(anonymous_2)","decl":{"start":{"line":47,"column":0},"end":{"line":47,"column":null}},"loc":{"start":{"line":47,"column":0},"end":{"line":50,"column":null}}}},"branchMap":{},"s":{"0":3,"1":1,"2":1,"3":1},"f":{"0":1,"1":1},"b":{}}
,"C:\\Users\\Алексей\\Desktop\\vue-practice\\src\\components\\organisms\\Content.vue": {"path":"C:\\Users\\Алексей\\Desktop\\vue-practice\\src\\components\\organisms\\Content.vue","statementMap":{"0":{"start":{"line":18,"column":0},"end":{"line":18,"column":null}},"1":{"start":{"line":19,"column":0},"end":{"line":19,"column":null}},"2":{"start":{"line":24,"column":0},"end":{"line":24,"column":null}},"3":{"start":{"line":37,"column":0},"end":{"line":37,"column":null}},"4":{"start":{"line":38,"column":0},"end":{"line":38,"column":null}},"5":{"start":{"line":42,"column":0},"end":{"line":42,"column":null}}},"fnMap":{"0":{"name":"(anonymous_1)","decl":{"start":{"line":23,"column":0},"end":{"line":23,"column":null}},"loc":{"start":{"line":23,"column":0},"end":{"line":27,"column":null}}},"1":{"name":"(anonymous_2)","decl":{"start":{"line":36,"column":0},"end":{"line":36,"column":null}},"loc":{"start":{"line":36,"column":0},"end":{"line":39,"column":null}}},"2":{"name":"(anonymous_3)","decl":{"start":{"line":41,"column":0},"end":{"line":41,"column":null}},"loc":{"start":{"line":41,"column":0},"end":{"line":43,"column":null}}}},"branchMap":{},"s":{"0":1,"1":1,"2":3,"3":1,"4":1,"5":3},"f":{"0":3,"1":1,"2":3},"b":{}}
,"C:\\Users\\Алексей\\Desktop\\vue-practice\\src\\components\\organisms\\Footer.vue": {"path":"C:\\Users\\Алексей\\Desktop\\vue-practice\\src\\components\\organisms\\Footer.vue","statementMap":{"0":{"start":{"line":13,"column":0},"end":{"line":13,"column":null}},"1":{"start":{"line":14,"column":0},"end":{"line":14,"column":null}}},"fnMap":{},"branchMap":{},"s":{"0":1,"1":1},"f":{},"b":{}}
,"C:\\Users\\Алексей\\Desktop\\vue-practice\\src\\components\\organisms\\TaskList.vue": {"path":"C:\\Users\\Алексей\\Desktop\\vue-practice\\src\\components\\organisms\\TaskList.vue","statementMap":{"0":{"start":{"line":14,"column":0},"end":{"line":14,"column":null}},"1":{"start":{"line":15,"column":0},"end":{"line":15,"column":null}}},"fnMap":{},"branchMap":{},"s":{"0":2,"1":2},"f":{},"b":{}}
,"C:\\Users\\Алексей\\Desktop\\vue-practice\\src\\store\\modules\\radio.js": {"path":"C:\\Users\\Алексей\\Desktop\\vue-practice\\src\\store\\modules\\radio.js","statementMap":{"0":{"start":{"line":11,"column":6},"end":{"line":11,"column":29}},"1":{"start":{"line":14,"column":6},"end":{"line":14,"column":73}},"2":{"start":{"line":14,"column":47},"end":{"line":14,"column":62}},"3":{"start":{"line":19,"column":6},"end":{"line":23,"column":8}},"4":{"start":{"line":20,"column":8},"end":{"line":22,"column":42}}},"fnMap":{"0":{"name":"(anonymous_0)","decl":{"start":{"line":10,"column":18},"end":{"line":10,"column":19}},"loc":{"start":{"line":10,"column":29},"end":{"line":12,"column":5}},"line":10},"1":{"name":"(anonymous_1)","decl":{"start":{"line":13,"column":21},"end":{"line":13,"column":22}},"loc":{"start":{"line":13,"column":32},"end":{"line":15,"column":5}},"line":13},"2":{"name":"(anonymous_2)","decl":{"start":{"line":14,"column":36},"end":{"line":14,"column":37}},"loc":{"start":{"line":14,"column":47},"end":{"line":14,"column":62}},"line":14},"3":{"name":"(anonymous_3)","decl":{"start":{"line":18,"column":4},"end":{"line":18,"column":5}},"loc":{"start":{"line":18,"column":26},"end":{"line":24,"column":5}},"line":18},"4":{"name":"(anonymous_4)","decl":{"start":{"line":19,"column":44},"end":{"line":19,"column":45}},"loc":{"start":{"line":20,"column":8},"end":{"line":22,"column":42}},"line":20}},"branchMap":{"0":{"loc":{"start":{"line":20,"column":8},"end":{"line":22,"column":42}},"type":"cond-expr","locations":[{"start":{"line":21,"column":12},"end":{"line":21,"column":41}},{"start":{"line":22,"column":12},"end":{"line":22,"column":42}}],"line":20}},"s":{"0":1,"1":5,"2":15,"3":1,"4":3},"f":{"0":1,"1":5,"2":15,"3":1,"4":3},"b":{"0":[1,2]},"_coverageSchema":"43e27e138ebf9cfc5966b082cf9a028302ed4184","hash":"010735bccf9192f76f93930f4ff61853912b39a9"}
,"C:\\Users\\Алексей\\Desktop\\vue-practice\\src\\store\\modules\\task.js": {"path":"C:\\Users\\Алексей\\Desktop\\vue-practice\\src\\store\\modules\\task.js","statementMap":{"0":{"start":{"line":9,"column":6},"end":{"line":16,"column":7}},"1":{"start":{"line":11,"column":10},"end":{"line":11,"column":29}},"2":{"start":{"line":13,"column":10},"end":{"line":13,"column":63}},"3":{"start":{"line":13,"column":46},"end":{"line":13,"column":61}},"4":{"start":{"line":15,"column":10},"end":{"line":15,"column":62}},"5":{"start":{"line":15,"column":46},"end":{"line":15,"column":60}},"6":{"start":{"line":19,"column":6},"end":{"line":19,"column":32}},"7":{"start":{"line":22,"column":6},"end":{"line":22,"column":72}},"8":{"start":{"line":22,"column":48},"end":{"line":22,"column":63}},"9":{"start":{"line":27,"column":6},"end":{"line":29,"column":15}},"10":{"start":{"line":30,"column":6},"end":{"line":30,"column":65}},"11":{"start":{"line":33,"column":6},"end":{"line":33,"column":65}},"12":{"start":{"line":33,"column":49},"end":{"line":33,"column":63}},"13":{"start":{"line":34,"column":6},"end":{"line":34,"column":65}},"14":{"start":{"line":37,"column":6},"end":{"line":39,"column":8}},"15":{"start":{"line":38,"column":8},"end":{"line":38,"column":71}},"16":{"start":{"line":40,"column":6},"end":{"line":40,"column":65}},"17":{"start":{"line":43,"column":6},"end":{"line":45,"column":22}},"18":{"start":{"line":50,"column":6},"end":{"line":50,"column":48}}},"fnMap":{"0":{"name":"(anonymous_0)","decl":{"start":{"line":8,"column":15},"end":{"line":8,"column":16}},"loc":{"start":{"line":8,"column":39},"end":{"line":17,"column":5}},"line":8},"1":{"name":"(anonymous_1)","decl":{"start":{"line":13,"column":36},"end":{"line":13,"column":37}},"loc":{"start":{"line":13,"column":46},"end":{"line":13,"column":61}},"line":13},"2":{"name":"(anonymous_2)","decl":{"start":{"line":15,"column":36},"end":{"line":15,"column":37}},"loc":{"start":{"line":15,"column":46},"end":{"line":15,"column":60}},"line":15},"3":{"name":"(anonymous_3)","decl":{"start":{"line":18,"column":16},"end":{"line":18,"column":17}},"loc":{"start":{"line":18,"column":27},"end":{"line":20,"column":5}},"line":18},"4":{"name":"(anonymous_4)","decl":{"start":{"line":21,"column":15},"end":{"line":21,"column":16}},"loc":{"start":{"line":21,"column":35},"end":{"line":23,"column":5}},"line":21},"5":{"name":"(anonymous_5)","decl":{"start":{"line":22,"column":38},"end":{"line":22,"column":39}},"loc":{"start":{"line":22,"column":48},"end":{"line":22,"column":63}},"line":22},"6":{"name":"(anonymous_6)","decl":{"start":{"line":26,"column":4},"end":{"line":26,"column":5}},"loc":{"start":{"line":26,"column":29},"end":{"line":31,"column":5}},"line":26},"7":{"name":"(anonymous_7)","decl":{"start":{"line":32,"column":4},"end":{"line":32,"column":5}},"loc":{"start":{"line":32,"column":26},"end":{"line":35,"column":5}},"line":32},"8":{"name":"(anonymous_8)","decl":{"start":{"line":33,"column":39},"end":{"line":33,"column":40}},"loc":{"start":{"line":33,"column":49},"end":{"line":33,"column":63}},"line":33},"9":{"name":"(anonymous_9)","decl":{"start":{"line":36,"column":4},"end":{"line":36,"column":5}},"loc":{"start":{"line":36,"column":25},"end":{"line":41,"column":5}},"line":36},"10":{"name":"(anonymous_10)","decl":{"start":{"line":37,"column":36},"end":{"line":37,"column":37}},"loc":{"start":{"line":38,"column":8},"end":{"line":38,"column":71}},"line":38},"11":{"name":"(anonymous_11)","decl":{"start":{"line":42,"column":4},"end":{"line":42,"column":5}},"loc":{"start":{"line":42,"column":35},"end":{"line":46,"column":5}},"line":42},"12":{"name":"(anonymous_12)","decl":{"start":{"line":49,"column":4},"end":{"line":49,"column":5}},"loc":{"start":{"line":49,"column":37},"end":{"line":51,"column":5}},"line":49}},"branchMap":{"0":{"loc":{"start":{"line":9,"column":6},"end":{"line":16,"column":7}},"type":"switch","locations":[{"start":{"line":10,"column":8},"end":{"line":11,"column":29}},{"start":{"line":12,"column":8},"end":{"line":13,"column":63}},{"start":{"line":14,"column":8},"end":{"line":15,"column":62}}],"line":9},"1":{"loc":{"start":{"line":27,"column":6},"end":{"line":29,"column":14}},"type":"cond-expr","locations":[{"start":{"line":28,"column":10},"end":{"line":28,"column":79}},{"start":{"line":29,"column":10},"end":{"line":29,"column":14}}],"line":27},"2":{"loc":{"start":{"line":38,"column":8},"end":{"line":38,"column":71}},"type":"cond-expr","locations":[{"start":{"line":38,"column":25},"end":{"line":38,"column":64}},{"start":{"line":38,"column":67},"end":{"line":38,"column":71}}],"line":38},"3":{"loc":{"start":{"line":43,"column":6},"end":{"line":45,"column":21}},"type":"cond-expr","locations":[{"start":{"line":44,"column":11},"end":{"line":44,"column":66}},{"start":{"line":45,"column":10},"end":{"line":45,"column":21}}],"line":43}},"s":{"0":4,"1":2,"2":1,"3":3,"4":1,"5":3,"6":4,"7":1,"8":3,"9":1,"10":1,"11":1,"12":4,"13":1,"14":1,"15":3,"16":1,"17":2,"18":2},"f":{"0":4,"1":3,"2":3,"3":4,"4":1,"5":3,"6":1,"7":1,"8":4,"9":1,"10":3,"11":2,"12":2},"b":{"0":[2,1,1],"1":[1,0],"2":[1,2],"3":[2,0]},"_coverageSchema":"43e27e138ebf9cfc5966b082cf9a028302ed4184","hash":"747328ea683052253fbb054c23a9ad0c9cd98188"}
,"C:\\Users\\Алексей\\Desktop\\vue-practice\\tests\\unit\\store\\modules\\radioStore.cfg.js": {"path":"C:\\Users\\Алексей\\Desktop\\vue-practice\\tests\\unit\\store\\modules\\radioStore.cfg.js","statementMap":{},"fnMap":{},"branchMap":{},"s":{},"f":{},"b":{},"_coverageSchema":"43e27e138ebf9cfc5966b082cf9a028302ed4184","hash":"4d0e212ddfc32cecc80d857ffcb4c093716b1897"}
,"C:\\Users\\Алексей\\Desktop\\vue-practice\\tests\\unit\\store\\modules\\taskStore.cfg.js": {"path":"C:\\Users\\Алексей\\Desktop\\vue-practice\\tests\\unit\\store\\modules\\taskStore.cfg.js","statementMap":{},"fnMap":{},"branchMap":{},"s":{},"f":{},"b":{},"_coverageSchema":"43e27e138ebf9cfc5966b082cf9a028302ed4184","hash":"8c57620e3a816f6a5d733c155c1e65cff33ab823"}
}
