TN:
SF:C:\Users\Алексей\Desktop\vue-practice\src\components\atoms\Radio.vue
FN:28,(anonymous_1)
FNF:1
FNH:1
FNDA:2,(anonymous_1)
DA:9,3
DA:29,2
LF:2
LH:2
BRF:0
BRH:0
end_of_record
TN:
SF:C:\Users\Алексей\Desktop\vue-practice\src\components\molecules\RadioList.vue
FNF:0
FNH:0
DA:14,2
DA:15,2
LF:2
LH:2
BRF:0
BRH:0
end_of_record
TN:
SF:C:\Users\Алексей\Desktop\vue-practice\src\components\molecules\Task.vue
FN:44,(anonymous_1)
FN:47,(anonymous_2)
FNF:2
FNH:2
FNDA:1,(anonymous_1)
FNDA:1,(anonymous_2)
DA:21,3
DA:45,1
DA:48,1
DA:49,1
LF:4
LH:4
BRF:0
BRH:0
end_of_record
TN:
SF:C:\Users\Алексей\Desktop\vue-practice\src\components\organisms\Content.vue
FN:23,(anonymous_1)
FN:36,(anonymous_2)
FN:41,(anonymous_3)
FNF:3
FNH:3
FNDA:3,(anonymous_1)
FNDA:1,(anonymous_2)
FNDA:3,(anonymous_3)
DA:18,1
DA:19,1
DA:24,3
DA:37,1
DA:38,1
DA:42,3
LF:6
LH:6
BRF:0
BRH:0
end_of_record
TN:
SF:C:\Users\Алексей\Desktop\vue-practice\src\components\organisms\Footer.vue
FNF:0
FNH:0
DA:13,1
DA:14,1
LF:2
LH:2
BRF:0
BRH:0
end_of_record
TN:
SF:C:\Users\Алексей\Desktop\vue-practice\src\components\organisms\TaskList.vue
FNF:0
FNH:0
DA:14,2
DA:15,2
LF:2
LH:2
BRF:0
BRH:0
end_of_record
TN:
SF:C:\Users\Алексей\Desktop\vue-practice\src\store\modules\radio.js
FN:10,(anonymous_0)
FN:13,(anonymous_1)
FN:14,(anonymous_2)
FN:18,(anonymous_3)
FN:19,(anonymous_4)
FNF:5
FNH:5
FNDA:1,(anonymous_0)
FNDA:2,(anonymous_1)
FNDA:6,(anonymous_2)
FNDA:1,(anonymous_3)
FNDA:3,(anonymous_4)
DA:11,1
DA:14,6
DA:19,1
DA:20,3
LF:4
LH:4
BRDA:20,0,0,1
BRDA:20,0,1,2
BRF:2
BRH:2
end_of_record
TN:
SF:C:\Users\Алексей\Desktop\vue-practice\src\store\modules\task.js
FN:8,(anonymous_0)
FN:13,(anonymous_1)
FN:15,(anonymous_2)
FN:20,(anonymous_3)
FN:23,(anonymous_4)
FN:24,(anonymous_5)
FN:28,(anonymous_6)
FN:34,(anonymous_7)
FN:35,(anonymous_8)
FN:38,(anonymous_9)
FN:39,(anonymous_10)
FN:44,(anonymous_11)
FN:51,(anonymous_12)
FNF:13
FNH:11
FNDA:1,(anonymous_0)
FNDA:0,(anonymous_1)
FNDA:0,(anonymous_2)
FNDA:4,(anonymous_3)
FNDA:1,(anonymous_4)
FNDA:3,(anonymous_5)
FNDA:1,(anonymous_6)
FNDA:1,(anonymous_7)
FNDA:4,(anonymous_8)
FNDA:1,(anonymous_9)
FNDA:3,(anonymous_10)
FNDA:1,(anonymous_11)
FNDA:1,(anonymous_12)
DA:9,1
DA:11,0
DA:13,0
DA:15,0
DA:17,1
DA:21,4
DA:24,3
DA:29,1
DA:32,1
DA:35,4
DA:36,1
DA:39,1
DA:40,3
DA:42,1
DA:45,1
DA:52,1
LF:16
LH:13
BRDA:9,0,0,0
BRDA:9,0,1,0
BRDA:9,0,2,0
BRDA:9,0,3,1
BRDA:29,1,0,1
BRDA:29,1,1,0
BRDA:40,2,0,1
BRDA:40,2,1,2
BRDA:45,3,0,1
BRDA:45,3,1,0
BRF:10
BRH:5
end_of_record
TN:
SF:C:\Users\Алексей\Desktop\vue-practice\tests\unit\store\radioStore.cfg.js
FNF:0
FNH:0
LF:0
LH:0
BRF:0
BRH:0
end_of_record
TN:
SF:C:\Users\Алексей\Desktop\vue-practice\tests\unit\store\taskStore.cfg.js
FNF:0
FNH:0
LF:0
LH:0
BRF:0
BRH:0
end_of_record
